{
  "stats": {
    "suites": 1,
    "tests": 1,
    "passes": 0,
    "pending": 0,
    "failures": 1,
    "start": "2022-02-10T06:08:50.516Z",
    "end": "2022-02-10T06:09:07.129Z",
    "duration": 16613,
    "testsRegistered": 1,
    "passPercent": 0,
    "pendingPercent": 0,
    "other": 0,
    "hasOther": false,
    "skipped": 0,
    "hasSkipped": false
  },
  "results": [
    {
      "uuid": "cc659bc6-de77-4139-bd0d-204c1e335773",
      "title": "",
      "fullFile": "cypress/integration/testCases/AIMS.js",
      "file": "cypress/integration/testCases/AIMS.js",
      "beforeHooks": [],
      "afterHooks": [],
      "tests": [],
      "suites": [
        {
          "uuid": "e76607e4-ee84-4e0f-b792-23ec814c123d",
          "title": "AIMS TestCases",
          "fullFile": "",
          "file": "",
          "beforeHooks": [],
          "afterHooks": [],
          "tests": [
            {
              "title": "Visti AIMS",
              "fullTitle": "AIMS TestCases Visti AIMS",
              "timedOut": null,
              "duration": 16514,
              "state": "failed",
              "speed": null,
              "pass": false,
              "fail": true,
              "pending": false,
              "context": null,
              "code": "cy.visit('http://172.104.180.223:4001/#/login');",
              "err": {
                "message": "CypressError: `cy.visit()` failed trying to load:\n\nhttp://172.104.180.223:4001/\n\nWe attempted to make an http request to this URL but the request failed without a response.\n\nWe received this error at the network level:\n\n  > Error: connect ETIMEDOUT 172.104.180.223:4001\n\nCommon situations why this would fail:\n  - you don't have internet access\n  - you forgot to run / boot your web server\n  - your web server isn't accessible\n  - you have weird network configuration settings on your computer",
                "estack": "CypressError: `cy.visit()` failed trying to load:\n\nhttp://172.104.180.223:4001/\n\nWe attempted to make an http request to this URL but the request failed without a response.\n\nWe received this error at the network level:\n\n  > Error: connect ETIMEDOUT 172.104.180.223:4001\n\nCommon situations why this would fail:\n  - you don't have internet access\n  - you forgot to run / boot your web server\n  - your web server isn't accessible\n  - you have weird network configuration settings on your computer\n    at http://localhost:57753/__cypress/runner/cypress_runner.js:143973:23\n    at visitFailedByErr (http://localhost:57753/__cypress/runner/cypress_runner.js:143332:12)\n    at http://localhost:57753/__cypress/runner/cypress_runner.js:143972:11\n    at tryCatcher (http://localhost:57753/__cypress/runner/cypress_runner.js:13212:23)\n    at Promise._settlePromiseFromHandler (http://localhost:57753/__cypress/runner/cypress_runner.js:11147:31)\n    at Promise._settlePromise (http://localhost:57753/__cypress/runner/cypress_runner.js:11204:18)\n    at Promise._settlePromise0 (http://localhost:57753/__cypress/runner/cypress_runner.js:11249:10)\n    at Promise._settlePromises (http://localhost:57753/__cypress/runner/cypress_runner.js:11325:18)\n    at _drainQueueStep (http://localhost:57753/__cypress/runner/cypress_runner.js:7919:12)\n    at _drainQueue (http://localhost:57753/__cypress/runner/cypress_runner.js:7912:9)\n    at Async.../../node_modules/bluebird/js/release/async.js.Async._drainQueues (http://localhost:57753/__cypress/runner/cypress_runner.js:7928:5)\n    at Async.drainQueues (http://localhost:57753/__cypress/runner/cypress_runner.js:7798:14)\nFrom Your Spec Code:\n    at Context.eval (http://localhost:57753/__cypress/tests?p=cypress\\integration\\testCases\\AIMS.js:103:8)\n\nFrom Node.js Internals:\n  Error: connect ETIMEDOUT 172.104.180.223:4001\n      at TCPConnectWrap.afterConnect [as oncomplete] (net.js:1146:16)\n  ",
                "diff": null
              },
              "uuid": "9cce0270-91e2-4ec8-af8d-2efc58771522",
              "parentUUID": "e76607e4-ee84-4e0f-b792-23ec814c123d",
              "isHook": false,
              "skipped": false
            }
          ],
          "suites": [],
          "passes": [],
          "failures": [
            "9cce0270-91e2-4ec8-af8d-2efc58771522"
          ],
          "pending": [],
          "skipped": [],
          "duration": 16514,
          "root": false,
          "rootEmpty": false,
          "_timeout": 2000
        }
      ],
      "passes": [],
      "failures": [],
      "pending": [],
      "skipped": [],
      "duration": 0,
      "root": true,
      "rootEmpty": true,
      "_timeout": 2000
    }
  ],
  "meta": {
    "mocha": {
      "version": "7.0.1"
    },
    "mochawesome": {
      "options": {
        "quiet": false,
        "reportFilename": "mochawesome",
        "saveHtml": false,
        "saveJson": true,
        "consoleReporter": "spec",
        "useInlineDiffs": false,
        "code": true
      },
      "version": "6.2.2"
    },
    "marge": {
      "options": {
        "overwrite": false,
        "html": false,
        "json": true
      },
      "version": "5.2.0"
    }
  }
}