{
  "stats": {
    "suites": 1,
    "tests": 2,
    "passes": 2,
    "pending": 0,
    "failures": 0,
    "start": "2022-03-03T11:15:18.262Z",
    "end": "2022-03-03T11:17:15.487Z",
    "duration": 117225,
    "testsRegistered": 2,
    "passPercent": 100,
    "pendingPercent": 0,
    "other": 0,
    "hasOther": false,
    "skipped": 0,
    "hasSkipped": false
  },
  "results": [
    {
      "uuid": "8ce62bb5-0894-4d2d-8e6d-88756ee587ee",
      "title": "",
      "fullFile": "cypress/integration/testCases/testCreateIncidient.js",
      "file": "cypress/integration/testCases/testCreateIncidient.js",
      "beforeHooks": [],
      "afterHooks": [],
      "tests": [],
      "suites": [
        {
          "uuid": "12fbd2dc-a4cd-4489-a9c0-c80c17ad7643",
          "title": "Login",
          "fullFile": "",
          "file": "",
          "beforeHooks": [],
          "afterHooks": [],
          "tests": [
            {
              "title": "Login and Click Incidient Form",
              "fullTitle": "Login Login and Click Incidient Form",
              "timedOut": null,
              "duration": 7775,
              "state": "passed",
              "speed": "medium",
              "pass": true,
              "fail": false,
              "pending": false,
              "context": null,
              "code": "Ilogin.visit();\nIlogin.fillEmail(user.user9);\nIlogin.fillPassword(user.pass9);\nIlogin.clickSubmit();",
              "err": {},
              "uuid": "d41a87bb-7af3-48b6-b663-3ca4fd6ffc5f",
              "parentUUID": "12fbd2dc-a4cd-4489-a9c0-c80c17ad7643",
              "isHook": false,
              "skipped": false
            },
            {
              "title": "Enter Incidient Detail",
              "fullTitle": "Login Enter Incidient Detail",
              "timedOut": null,
              "duration": 106738,
              "state": "passed",
              "speed": "slow",
              "pass": true,
              "fail": false,
              "pending": false,
              "context": null,
              "code": "for (let i = 0; i <= 1; i++) {\n  incidient.enterIncidientDetail(); //testing\n}",
              "err": {},
              "uuid": "499c4155-5509-4fdd-a69e-7a0f2f920345",
              "parentUUID": "12fbd2dc-a4cd-4489-a9c0-c80c17ad7643",
              "isHook": false,
              "skipped": false
            }
          ],
          "suites": [],
          "passes": [
            "d41a87bb-7af3-48b6-b663-3ca4fd6ffc5f",
            "499c4155-5509-4fdd-a69e-7a0f2f920345"
          ],
          "failures": [],
          "pending": [],
          "skipped": [],
          "duration": 114513,
          "root": false,
          "rootEmpty": false,
          "_timeout": 2000
        }
      ],
      "passes": [],
      "failures": [],
      "pending": [],
      "skipped": [],
      "duration": 0,
      "root": true,
      "rootEmpty": true,
      "_timeout": 2000
    }
  ],
  "meta": {
    "mocha": {
      "version": "7.0.1"
    },
    "mochawesome": {
      "options": {
        "quiet": false,
        "reportFilename": "mochawesome",
        "saveHtml": false,
        "saveJson": true,
        "consoleReporter": "spec",
        "useInlineDiffs": false,
        "code": true
      },
      "version": "7.0.1"
    },
    "marge": {
      "options": {
        "overwrite": false,
        "html": false,
        "json": true
      },
      "version": "6.0.1"
    }
  }
}