{
  "stats": {
    "suites": 1,
    "tests": 9,
    "passes": 9,
    "pending": 0,
    "failures": 0,
    "start": "2021-07-28T05:50:09.113Z",
    "end": "2021-07-28T05:50:41.521Z",
    "duration": 32408,
    "testsRegistered": 9,
    "passPercent": 100,
    "pendingPercent": 0,
    "other": 0,
    "hasOther": false,
    "skipped": 0,
    "hasSkipped": false
  },
  "results": [
    {
      "uuid": "e0217598-bcf9-411b-947c-d5912777702e",
      "title": "",
      "fullFile": "cypress/integration/testCases/testLogin.js",
      "file": "cypress/integration/testCases/testLogin.js",
      "beforeHooks": [],
      "afterHooks": [],
      "tests": [],
      "suites": [
        {
          "uuid": "c9c2e290-0043-4d32-84c2-f231c7603a79",
          "title": "Login",
          "fullFile": "",
          "file": "",
          "beforeHooks": [],
          "afterHooks": [],
          "tests": [
            {
              "title": "valid user name and invalid password",
              "fullTitle": "Login valid user name and invalid password",
              "timedOut": null,
              "duration": 13486,
              "state": "passed",
              "speed": "slow",
              "pass": true,
              "fail": false,
              "pending": false,
              "context": null,
              "code": "login.visit();\nlogin.fillEmail(user.user1);\nlogin.fillPassword(user.pass1);\nlogin.clickSubmit();",
              "err": {},
              "uuid": "843154dc-8d99-411e-9f7e-7d3887324814",
              "parentUUID": "c9c2e290-0043-4d32-84c2-f231c7603a79",
              "isHook": false,
              "skipped": false
            },
            {
              "title": "invalid user name and valid password",
              "fullTitle": "Login invalid user name and valid password",
              "timedOut": null,
              "duration": 2704,
              "state": "passed",
              "speed": "slow",
              "pass": true,
              "fail": false,
              "pending": false,
              "context": null,
              "code": "login.visit();\nlogin.fillEmail(user.user2);\nlogin.fillPassword(user.pass2);\nlogin.clickSubmit();",
              "err": {},
              "uuid": "64c39b7f-924c-4ba4-96d7-a3d123e56ce7",
              "parentUUID": "c9c2e290-0043-4d32-84c2-f231c7603a79",
              "isHook": false,
              "skipped": false
            },
            {
              "title": "invalid user name and  invalid password",
              "fullTitle": "Login invalid user name and  invalid password",
              "timedOut": null,
              "duration": 2138,
              "state": "passed",
              "speed": "slow",
              "pass": true,
              "fail": false,
              "pending": false,
              "context": null,
              "code": "login.visit();\nlogin.fillEmail(user.user3);\nlogin.fillPassword(user.pass3);\nlogin.clickSubmit();",
              "err": {},
              "uuid": "7d6cb3bf-f03a-4547-b26b-595514768484",
              "parentUUID": "c9c2e290-0043-4d32-84c2-f231c7603a79",
              "isHook": false,
              "skipped": false
            },
            {
              "title": "Empty user name and  password and click login",
              "fullTitle": "Login Empty user name and  password and click login",
              "timedOut": null,
              "duration": 1739,
              "state": "passed",
              "speed": "slow",
              "pass": true,
              "fail": false,
              "pending": false,
              "context": null,
              "code": "login.visit();\nlogin.fillEmail(user.user4);\nlogin.fillPassword(user.pass4);\nlogin.clickSubmit();",
              "err": {},
              "uuid": "60d77cce-b40e-4bed-9fa5-2f4d2ce94c54",
              "parentUUID": "c9c2e290-0043-4d32-84c2-f231c7603a79",
              "isHook": false,
              "skipped": false
            },
            {
              "title": "Empty user name and fill valid password and click login",
              "fullTitle": "Login Empty user name and fill valid password and click login",
              "timedOut": null,
              "duration": 1875,
              "state": "passed",
              "speed": "slow",
              "pass": true,
              "fail": false,
              "pending": false,
              "context": null,
              "code": "login.visit();\nlogin.fillEmail(user.user5);\nlogin.fillPassword(user.pass5);\nlogin.clickSubmit();",
              "err": {},
              "uuid": "2806ae8a-0ccc-4cb2-9f1e-d016af199714",
              "parentUUID": "c9c2e290-0043-4d32-84c2-f231c7603a79",
              "isHook": false,
              "skipped": false
            },
            {
              "title": "Empty user name and fill invalid password and click login",
              "fullTitle": "Login Empty user name and fill invalid password and click login",
              "timedOut": null,
              "duration": 1734,
              "state": "passed",
              "speed": "slow",
              "pass": true,
              "fail": false,
              "pending": false,
              "context": null,
              "code": "login.visit();\nlogin.fillEmail(user.user6);\nlogin.fillPassword(user.pass6);\nlogin.clickSubmit();",
              "err": {},
              "uuid": "50745ad4-bbf7-4541-984b-d8ebb779ecbe",
              "parentUUID": "c9c2e290-0043-4d32-84c2-f231c7603a79",
              "isHook": false,
              "skipped": false
            },
            {
              "title": "Enter valid user name and Empty password and click login",
              "fullTitle": "Login Enter valid user name and Empty password and click login",
              "timedOut": null,
              "duration": 1928,
              "state": "passed",
              "speed": "slow",
              "pass": true,
              "fail": false,
              "pending": false,
              "context": null,
              "code": "login.visit();\nlogin.fillEmail(user.user7);\nlogin.fillPassword(user.pass7);\nlogin.clickSubmit();",
              "err": {},
              "uuid": "f5ec71cc-63ea-4136-a4ba-9798569ac3ea",
              "parentUUID": "c9c2e290-0043-4d32-84c2-f231c7603a79",
              "isHook": false,
              "skipped": false
            },
            {
              "title": "Enter invalid user name and Empty password and click login",
              "fullTitle": "Login Enter invalid user name and Empty password and click login",
              "timedOut": null,
              "duration": 2083,
              "state": "passed",
              "speed": "slow",
              "pass": true,
              "fail": false,
              "pending": false,
              "context": null,
              "code": "login.visit();\nlogin.fillEmail(user.user8);\nlogin.fillPassword(user.pass8);\nlogin.clickSubmit();",
              "err": {},
              "uuid": "b220575c-2502-4e0b-924b-02166f8dc5f2",
              "parentUUID": "c9c2e290-0043-4d32-84c2-f231c7603a79",
              "isHook": false,
              "skipped": false
            },
            {
              "title": "valid user name and valid password",
              "fullTitle": "Login valid user name and valid password",
              "timedOut": null,
              "duration": 2320,
              "state": "passed",
              "speed": "slow",
              "pass": true,
              "fail": false,
              "pending": false,
              "context": null,
              "code": "login.visit();\nlogin.fillEmail(user.user9);\nlogin.fillPassword(user.pass9);\nlogin.clickSubmit();",
              "err": {},
              "uuid": "4a954b65-397d-472f-84e4-2af00aeae0c2",
              "parentUUID": "c9c2e290-0043-4d32-84c2-f231c7603a79",
              "isHook": false,
              "skipped": false
            }
          ],
          "suites": [],
          "passes": [
            "843154dc-8d99-411e-9f7e-7d3887324814",
            "64c39b7f-924c-4ba4-96d7-a3d123e56ce7",
            "7d6cb3bf-f03a-4547-b26b-595514768484",
            "60d77cce-b40e-4bed-9fa5-2f4d2ce94c54",
            "2806ae8a-0ccc-4cb2-9f1e-d016af199714",
            "50745ad4-bbf7-4541-984b-d8ebb779ecbe",
            "f5ec71cc-63ea-4136-a4ba-9798569ac3ea",
            "b220575c-2502-4e0b-924b-02166f8dc5f2",
            "4a954b65-397d-472f-84e4-2af00aeae0c2"
          ],
          "failures": [],
          "pending": [],
          "skipped": [],
          "duration": 30007,
          "root": false,
          "rootEmpty": false,
          "_timeout": 2000
        }
      ],
      "passes": [],
      "failures": [],
      "pending": [],
      "skipped": [],
      "duration": 0,
      "root": true,
      "rootEmpty": true,
      "_timeout": 2000
    }
  ],
  "meta": {
    "mocha": {
      "version": "7.0.1"
    },
    "mochawesome": {
      "options": {
        "quiet": false,
        "reportFilename": "mochawesome",
        "saveHtml": false,
        "saveJson": true,
        "consoleReporter": "spec",
        "useInlineDiffs": false,
        "code": true
      },
      "version": "6.2.2"
    },
    "marge": {
      "options": {
        "overwrite": false,
        "html": false,
        "json": true
      },
      "version": "5.2.0"
    }
  }
}