{
  "stats": {
    "suites": 1,
    "tests": 2,
    "passes": 2,
    "pending": 0,
    "failures": 0,
    "start": "2022-03-03T11:13:59.410Z",
    "end": "2022-03-03T11:14:51.456Z",
    "duration": 52046,
    "testsRegistered": 2,
    "passPercent": 100,
    "pendingPercent": 0,
    "other": 0,
    "hasOther": false,
    "skipped": 0,
    "hasSkipped": false
  },
  "results": [
    {
      "uuid": "995c66f5-b073-4384-99c4-3787bc0927e9",
      "title": "",
      "fullFile": "cypress/integration/testCases/testActivity.js",
      "file": "cypress/integration/testCases/testActivity.js",
      "beforeHooks": [],
      "afterHooks": [],
      "tests": [],
      "suites": [
        {
          "uuid": "b702d475-45f9-4e0f-a078-0c5b9a797dbc",
          "title": "LoginActivity",
          "fullFile": "",
          "file": "",
          "beforeHooks": [],
          "afterHooks": [],
          "tests": [
            {
              "title": "valid user name and invalid password",
              "fullTitle": "LoginActivity valid user name and invalid password",
              "timedOut": null,
              "duration": 13175,
              "state": "passed",
              "speed": "slow",
              "pass": true,
              "fail": false,
              "pending": false,
              "context": null,
              "code": "Alogin.visit();\nAlogin.fillEmail(user.user9);\nAlogin.fillPassword(user.pass9);\nAlogin.clickSubmit();\ncy.wait(5000);",
              "err": {},
              "uuid": "1b0d90e5-b507-465f-900f-de44c039bf6c",
              "parentUUID": "b702d475-45f9-4e0f-a078-0c5b9a797dbc",
              "isHook": false,
              "skipped": false
            },
            {
              "title": "Enter the activity Detail",
              "fullTitle": "LoginActivity Enter the activity Detail",
              "timedOut": null,
              "duration": 36340,
              "state": "passed",
              "speed": "slow",
              "pass": true,
              "fail": false,
              "pending": false,
              "context": null,
              "code": "activity.EnterActivtyDetail(true); // activity.EnterActivtyDetail(false)",
              "err": {},
              "uuid": "138e2b69-c24a-4eb5-bc6a-55c401161558",
              "parentUUID": "b702d475-45f9-4e0f-a078-0c5b9a797dbc",
              "isHook": false,
              "skipped": false
            }
          ],
          "suites": [],
          "passes": [
            "1b0d90e5-b507-465f-900f-de44c039bf6c",
            "138e2b69-c24a-4eb5-bc6a-55c401161558"
          ],
          "failures": [],
          "pending": [],
          "skipped": [],
          "duration": 49515,
          "root": false,
          "rootEmpty": false,
          "_timeout": 2000
        }
      ],
      "passes": [],
      "failures": [],
      "pending": [],
      "skipped": [],
      "duration": 0,
      "root": true,
      "rootEmpty": true,
      "_timeout": 2000
    }
  ],
  "meta": {
    "mocha": {
      "version": "7.0.1"
    },
    "mochawesome": {
      "options": {
        "quiet": false,
        "reportFilename": "mochawesome",
        "saveHtml": false,
        "saveJson": true,
        "consoleReporter": "spec",
        "useInlineDiffs": false,
        "code": true
      },
      "version": "7.0.1"
    },
    "marge": {
      "options": {
        "overwrite": false,
        "html": false,
        "json": true
      },
      "version": "6.0.1"
    }
  }
}