{
  "stats": {
    "suites": 1,
    "tests": 9,
    "passes": 9,
    "pending": 0,
    "failures": 0,
    "start": "2022-03-03T11:17:58.002Z",
    "end": "2022-03-03T11:18:49.717Z",
    "duration": 51715,
    "testsRegistered": 9,
    "passPercent": 100,
    "pendingPercent": 0,
    "other": 0,
    "hasOther": false,
    "skipped": 0,
    "hasSkipped": false
  },
  "results": [
    {
      "uuid": "36f0a0a8-90dd-4dae-841f-f572197daf02",
      "title": "",
      "fullFile": "cypress/integration/testCases/testLogin.js",
      "file": "cypress/integration/testCases/testLogin.js",
      "beforeHooks": [],
      "afterHooks": [],
      "tests": [],
      "suites": [
        {
          "uuid": "3bfc35cf-a92e-457d-b378-c18e2dae07fa",
          "title": "Login",
          "fullFile": "",
          "file": "",
          "beforeHooks": [],
          "afterHooks": [],
          "tests": [
            {
              "title": "valid user name and invalid password",
              "fullTitle": "Login valid user name and invalid password",
              "timedOut": null,
              "duration": 8230,
              "state": "passed",
              "speed": "medium",
              "pass": true,
              "fail": false,
              "pending": false,
              "context": null,
              "code": "login.visit();\nlogin.fillEmail(user.user1);\nlogin.fillPassword(user.pass1);\nlogin.clickSubmit();",
              "err": {},
              "uuid": "8c11f553-f5c2-4553-89a0-aaeb05699d5e",
              "parentUUID": "3bfc35cf-a92e-457d-b378-c18e2dae07fa",
              "isHook": false,
              "skipped": false
            },
            {
              "title": "invalid user name and valid password",
              "fullTitle": "Login invalid user name and valid password",
              "timedOut": null,
              "duration": 5726,
              "state": "passed",
              "speed": "medium",
              "pass": true,
              "fail": false,
              "pending": false,
              "context": null,
              "code": "login.visit();\nlogin.fillEmail(user.user2);\nlogin.fillPassword(user.pass2);\nlogin.clickSubmit();",
              "err": {},
              "uuid": "41a33ded-468a-42cc-ab2f-82fd6ffb4c6e",
              "parentUUID": "3bfc35cf-a92e-457d-b378-c18e2dae07fa",
              "isHook": false,
              "skipped": false
            },
            {
              "title": "invalid user name and  invalid password",
              "fullTitle": "Login invalid user name and  invalid password",
              "timedOut": null,
              "duration": 5470,
              "state": "passed",
              "speed": "medium",
              "pass": true,
              "fail": false,
              "pending": false,
              "context": null,
              "code": "login.visit();\nlogin.fillEmail(user.user3);\nlogin.fillPassword(user.pass3);\nlogin.clickSubmit();",
              "err": {},
              "uuid": "4ada5809-e4b1-4c08-b86f-38e026a9914f",
              "parentUUID": "3bfc35cf-a92e-457d-b378-c18e2dae07fa",
              "isHook": false,
              "skipped": false
            },
            {
              "title": "Empty user name and  password and click login",
              "fullTitle": "Login Empty user name and  password and click login",
              "timedOut": null,
              "duration": 5049,
              "state": "passed",
              "speed": "medium",
              "pass": true,
              "fail": false,
              "pending": false,
              "context": null,
              "code": "login.visit();\nlogin.fillEmail(user.user4);\nlogin.fillPassword(user.pass4);\nlogin.clickSubmit();",
              "err": {},
              "uuid": "891500b2-1a3d-430b-96f4-a643526ffe99",
              "parentUUID": "3bfc35cf-a92e-457d-b378-c18e2dae07fa",
              "isHook": false,
              "skipped": false
            },
            {
              "title": "Empty user name and fill valid password and click login",
              "fullTitle": "Login Empty user name and fill valid password and click login",
              "timedOut": null,
              "duration": 4387,
              "state": "passed",
              "speed": "fast",
              "pass": true,
              "fail": false,
              "pending": false,
              "context": null,
              "code": "login.visit();\nlogin.fillEmail(user.user5);\nlogin.fillPassword(user.pass5);\nlogin.clickSubmit();",
              "err": {},
              "uuid": "2d1ae0a3-8348-4578-85d0-2a5ff6c4227e",
              "parentUUID": "3bfc35cf-a92e-457d-b378-c18e2dae07fa",
              "isHook": false,
              "skipped": false
            },
            {
              "title": "Empty user name and fill invalid password and click login",
              "fullTitle": "Login Empty user name and fill invalid password and click login",
              "timedOut": null,
              "duration": 4564,
              "state": "passed",
              "speed": "fast",
              "pass": true,
              "fail": false,
              "pending": false,
              "context": null,
              "code": "login.visit();\nlogin.fillEmail(user.user6);\nlogin.fillPassword(user.pass6);\nlogin.clickSubmit();",
              "err": {},
              "uuid": "0a6f9bb7-d568-4395-9902-8e0ce6d5f8c9",
              "parentUUID": "3bfc35cf-a92e-457d-b378-c18e2dae07fa",
              "isHook": false,
              "skipped": false
            },
            {
              "title": "Enter valid user name and Empty password and click login",
              "fullTitle": "Login Enter valid user name and Empty password and click login",
              "timedOut": null,
              "duration": 4914,
              "state": "passed",
              "speed": "fast",
              "pass": true,
              "fail": false,
              "pending": false,
              "context": null,
              "code": "login.visit();\nlogin.fillEmail(user.user7);\nlogin.fillPassword(user.pass7);\nlogin.clickSubmit();",
              "err": {},
              "uuid": "e233c7aa-2f5a-4aa5-87b2-bdf8833eed2d",
              "parentUUID": "3bfc35cf-a92e-457d-b378-c18e2dae07fa",
              "isHook": false,
              "skipped": false
            },
            {
              "title": "Enter invalid user name and Empty password and click login",
              "fullTitle": "Login Enter invalid user name and Empty password and click login",
              "timedOut": null,
              "duration": 4894,
              "state": "passed",
              "speed": "fast",
              "pass": true,
              "fail": false,
              "pending": false,
              "context": null,
              "code": "login.visit();\nlogin.fillEmail(user.user8);\nlogin.fillPassword(user.pass8);\nlogin.clickSubmit();",
              "err": {},
              "uuid": "d3bcfed2-f2f7-4d67-bc96-3c16cfc4a263",
              "parentUUID": "3bfc35cf-a92e-457d-b378-c18e2dae07fa",
              "isHook": false,
              "skipped": false
            },
            {
              "title": "valid user name and valid password",
              "fullTitle": "Login valid user name and valid password",
              "timedOut": null,
              "duration": 5286,
              "state": "passed",
              "speed": "medium",
              "pass": true,
              "fail": false,
              "pending": false,
              "context": null,
              "code": "login.visit();\nlogin.fillEmail(user.user9);\nlogin.fillPassword(user.pass9);\nlogin.clickSubmit();",
              "err": {},
              "uuid": "c97d71fe-5ca6-4985-8d24-db54016c6a48",
              "parentUUID": "3bfc35cf-a92e-457d-b378-c18e2dae07fa",
              "isHook": false,
              "skipped": false
            }
          ],
          "suites": [],
          "passes": [
            "8c11f553-f5c2-4553-89a0-aaeb05699d5e",
            "41a33ded-468a-42cc-ab2f-82fd6ffb4c6e",
            "4ada5809-e4b1-4c08-b86f-38e026a9914f",
            "891500b2-1a3d-430b-96f4-a643526ffe99",
            "2d1ae0a3-8348-4578-85d0-2a5ff6c4227e",
            "0a6f9bb7-d568-4395-9902-8e0ce6d5f8c9",
            "e233c7aa-2f5a-4aa5-87b2-bdf8833eed2d",
            "d3bcfed2-f2f7-4d67-bc96-3c16cfc4a263",
            "c97d71fe-5ca6-4985-8d24-db54016c6a48"
          ],
          "failures": [],
          "pending": [],
          "skipped": [],
          "duration": 48520,
          "root": false,
          "rootEmpty": false,
          "_timeout": 2000
        }
      ],
      "passes": [],
      "failures": [],
      "pending": [],
      "skipped": [],
      "duration": 0,
      "root": true,
      "rootEmpty": true,
      "_timeout": 2000
    }
  ],
  "meta": {
    "mocha": {
      "version": "7.0.1"
    },
    "mochawesome": {
      "options": {
        "quiet": false,
        "reportFilename": "mochawesome",
        "saveHtml": false,
        "saveJson": true,
        "consoleReporter": "spec",
        "useInlineDiffs": false,
        "code": true
      },
      "version": "7.0.1"
    },
    "marge": {
      "options": {
        "overwrite": false,
        "html": false,
        "json": true
      },
      "version": "6.0.1"
    }
  }
}