{
  "stats": {
    "suites": 1,
    "tests": 2,
    "passes": 0,
    "pending": 0,
    "failures": 2,
    "start": "2021-07-28T05:48:32.544Z",
    "end": "2021-07-28T05:49:40.101Z",
    "duration": 67557,
    "testsRegistered": 2,
    "passPercent": 0,
    "pendingPercent": 0,
    "other": 0,
    "hasOther": false,
    "skipped": 0,
    "hasSkipped": false
  },
  "results": [
    {
      "uuid": "fdd32b64-259b-4284-a3e3-b1f8f0a880f7",
      "title": "",
      "fullFile": "cypress/integration/testCases/testAddUser.js",
      "file": "cypress/integration/testCases/testAddUser.js",
      "beforeHooks": [],
      "afterHooks": [],
      "tests": [],
      "suites": [
        {
          "uuid": "e2ce3d3f-3d93-48ca-a7d4-2947c2b265e9",
          "title": "Add new User",
          "fullFile": "",
          "file": "",
          "beforeHooks": [],
          "afterHooks": [],
          "tests": [
            {
              "title": "valid user name and valid password",
              "fullTitle": "Add new User valid user name and valid password",
              "timedOut": null,
              "duration": 60866,
              "state": "failed",
              "speed": null,
              "pass": false,
              "fail": true,
              "pending": false,
              "context": null,
              "code": "login.visit();\nlogin.fillEmail(user.user9);\nlogin.fillPassword(user.pass9);\nlogin.clickSubmit();\ncy.wait(3000);",
              "err": {
                "message": "CypressError: Timed out after waiting `60000ms` for your remote page to load.\n\nYour page did not fire its `load` event within `60000ms`.\n\nYou can try increasing the `pageLoadTimeout` value in `cypress.json` to wait longer.\n\nBrowsers will not fire the `load` event until all stylesheets and scripts are done downloading.\n\nWhen this `load` event occurs, Cypress will continue running commands.",
                "estack": "CypressError: Timed out after waiting `60000ms` for your remote page to load.\n\nYour page did not fire its `load` event within `60000ms`.\n\nYou can try increasing the `pageLoadTimeout` value in `cypress.json` to wait longer.\n\nBrowsers will not fire the `load` event until all stylesheets and scripts are done downloading.\n\nWhen this `load` event occurs, Cypress will continue running commands.\n    at timedOutWaitingForPageLoad (http://172.104.180.223:4001/__cypress/runner/cypress_runner.js:137949:13)\n    at http://172.104.180.223:4001/__cypress/runner/cypress_runner.js:138969:16\n    at tryCatcher (http://172.104.180.223:4001/__cypress/runner/cypress_runner.js:10798:23)\n    at http://172.104.180.223:4001/__cypress/runner/cypress_runner.js:5920:41\n    at tryCatcher (http://172.104.180.223:4001/__cypress/runner/cypress_runner.js:10798:23)\n    at Promise._settlePromiseFromHandler (http://172.104.180.223:4001/__cypress/runner/cypress_runner.js:8733:31)\n    at Promise._settlePromise (http://172.104.180.223:4001/__cypress/runner/cypress_runner.js:8790:18)\n    at Promise._settlePromise0 (http://172.104.180.223:4001/__cypress/runner/cypress_runner.js:8835:10)\n    at Promise._settlePromises (http://172.104.180.223:4001/__cypress/runner/cypress_runner.js:8911:18)\n    at _drainQueueStep (http://172.104.180.223:4001/__cypress/runner/cypress_runner.js:5505:12)\n    at _drainQueue (http://172.104.180.223:4001/__cypress/runner/cypress_runner.js:5498:9)\n    at Async.../../node_modules/bluebird/js/release/async.js.Async._drainQueues (http://172.104.180.223:4001/__cypress/runner/cypress_runner.js:5514:5)\n    at Async.drainQueues (http://172.104.180.223:4001/__cypress/runner/cypress_runner.js:5384:14)\nFrom Your Spec Code:\n    at LoginPage.visit (http://172.104.180.223:4001/__cypress/tests?p=cypress\\integration\\testCases\\testAddUser.js:207:8)\n    at Context.eval (http://172.104.180.223:4001/__cypress/tests?p=cypress\\integration\\testCases\\testAddUser.js:261:11)",
                "diff": null
              },
              "uuid": "6b88d3da-b717-4d3b-856b-f60cf3fb8afe",
              "parentUUID": "e2ce3d3f-3d93-48ca-a7d4-2947c2b265e9",
              "isHook": false,
              "skipped": false
            },
            {
              "title": "click new user button",
              "fullTitle": "Add new User click new user button",
              "timedOut": null,
              "duration": 4795,
              "state": "failed",
              "speed": null,
              "pass": false,
              "fail": true,
              "pending": false,
              "context": null,
              "code": "newUser.clickAddUser();",
              "err": {
                "message": "AssertionError: Timed out retrying after 4000ms: Expected to find element: `body > app-root > app-default > nz-layout > nz-sider > div > ul > li.ng-star-inserted.ant-menu-item.ant-menu-item-selected > span > span`, but never found it.",
                "estack": "AssertionError: Timed out retrying after 4000ms: Expected to find element: `body > app-root > app-default > nz-layout > nz-sider > div > ul > li.ng-star-inserted.ant-menu-item.ant-menu-item-selected > span > span`, but never found it.\n    at AddUserPage.clickAddUser (http://172.104.180.223:4001/__cypress/tests?p=cypress\\integration\\testCases\\testAddUser.js:133:20)\n    at Context.eval (http://172.104.180.223:4001/__cypress/tests?p=cypress\\integration\\testCases\\testAddUser.js:268:13)",
                "diff": null
              },
              "uuid": "5e75b9b8-fe27-47a7-866c-11f419fe0560",
              "parentUUID": "e2ce3d3f-3d93-48ca-a7d4-2947c2b265e9",
              "isHook": false,
              "skipped": false
            }
          ],
          "suites": [],
          "passes": [],
          "failures": [
            "6b88d3da-b717-4d3b-856b-f60cf3fb8afe",
            "5e75b9b8-fe27-47a7-866c-11f419fe0560"
          ],
          "pending": [],
          "skipped": [],
          "duration": 65661,
          "root": false,
          "rootEmpty": false,
          "_timeout": 2000
        }
      ],
      "passes": [],
      "failures": [],
      "pending": [],
      "skipped": [],
      "duration": 0,
      "root": true,
      "rootEmpty": true,
      "_timeout": 2000
    }
  ],
  "meta": {
    "mocha": {
      "version": "7.0.1"
    },
    "mochawesome": {
      "options": {
        "quiet": false,
        "reportFilename": "mochawesome",
        "saveHtml": false,
        "saveJson": true,
        "consoleReporter": "spec",
        "useInlineDiffs": false,
        "code": true
      },
      "version": "6.2.2"
    },
    "marge": {
      "options": {
        "overwrite": false,
        "html": false,
        "json": true
      },
      "version": "5.2.0"
    }
  }
}